TN:
SF:src/note-app.ts
FN:13,(anonymous_0)
FN:19,(anonymous_1)
FN:28,(anonymous_2)
FN:35,(anonymous_3)
FN:48,(anonymous_4)
FN:57,(anonymous_5)
FN:68,(anonymous_6)
FN:86,(anonymous_7)
FN:102,(anonymous_8)
FN:111,(anonymous_9)
FN:114,(anonymous_10)
FN:125,(anonymous_11)
FN:148,(anonymous_12)
FN:172,(anonymous_13)
FNF:14
FNH:14
FNDA:1,(anonymous_0)
FNDA:24,(anonymous_1)
FNDA:7,(anonymous_2)
FNDA:1,(anonymous_3)
FNDA:5,(anonymous_4)
FNDA:4,(anonymous_5)
FNDA:1,(anonymous_6)
FNDA:1,(anonymous_7)
FNDA:10,(anonymous_8)
FNDA:2,(anonymous_9)
FNDA:8,(anonymous_10)
FNDA:2,(anonymous_11)
FNDA:1,(anonymous_12)
FNDA:1,(anonymous_13)
DA:1,1
DA:2,1
DA:3,1
DA:8,1
DA:12,1
DA:20,24
DA:29,7
DA:36,1
DA:37,0
DA:38,0
DA:49,5
DA:58,4
DA:69,1
DA:70,1
DA:71,1
DA:72,1
DA:73,1
DA:74,1
DA:76,0
DA:77,0
DA:87,1
DA:88,0
DA:89,0
DA:91,1
DA:92,1
DA:93,1
DA:103,10
DA:104,10
DA:112,2
DA:113,2
DA:114,2
DA:115,8
DA:116,8
DA:117,8
DA:119,2
DA:126,2
DA:127,1
DA:128,0
DA:129,0
DA:131,1
DA:132,1
DA:133,4
DA:135,1
DA:138,1
DA:139,1
DA:149,1
DA:150,1
DA:151,1
DA:152,1
DA:153,1
DA:154,1
DA:155,1
DA:157,0
DA:158,0
DA:161,0
DA:162,0
DA:173,1
DA:174,1
DA:175,1
DA:176,1
DA:177,1
DA:178,1
DA:179,1
DA:180,1
DA:182,0
DA:183,0
DA:186,0
DA:187,0
LF:68
LH:52
BRDA:36,0,0,0
BRDA:36,0,1,1
BRDA:71,1,0,1
BRDA:71,1,1,0
BRDA:87,2,0,0
BRDA:87,2,1,1
BRDA:126,3,0,1
BRDA:126,3,1,1
BRDA:127,4,0,0
BRDA:127,4,1,1
BRDA:149,5,0,1
BRDA:149,5,1,0
BRDA:150,6,0,1
BRDA:150,6,1,0
BRDA:173,7,0,1
BRDA:173,7,1,0
BRDA:174,8,0,1
BRDA:174,8,1,0
BRF:18
BRH:10
end_of_record
TN:
SF:src/note.ts
FN:12,(anonymous_0)
FN:17,(anonymous_1)
FN:24,(anonymous_2)
FN:31,(anonymous_3)
FN:39,(anonymous_4)
FN:46,(anonymous_5)
FN:53,(anonymous_6)
FN:60,(anonymous_7)
FN:66,(anonymous_8)
FN:91,(anonymous_9)
FNF:10
FNH:9
FNDA:12,(anonymous_0)
FNDA:10,(anonymous_1)
FNDA:5,(anonymous_2)
FNDA:5,(anonymous_3)
FNDA:1,(anonymous_4)
FNDA:1,(anonymous_5)
FNDA:0,(anonymous_6)
FNDA:3,(anonymous_7)
FNDA:5,(anonymous_8)
FNDA:1,(anonymous_9)
DA:1,1
DA:6,1
DA:12,12
DA:18,10
DA:25,5
DA:32,5
DA:40,1
DA:47,1
DA:54,0
DA:61,3
DA:67,5
DA:69,2
DA:70,2
DA:72,1
DA:73,1
DA:75,1
DA:76,1
DA:78,1
DA:79,1
DA:81,0
DA:82,0
DA:84,0
DA:85,0
DA:92,1
DA:94,1
DA:95,1
DA:97,0
DA:98,0
DA:100,0
DA:101,0
DA:103,0
DA:104,0
DA:106,0
DA:107,0
DA:109,0
DA:110,0
LF:36
LH:21
BRDA:67,0,0,2
BRDA:67,0,1,1
BRDA:67,0,2,1
BRDA:67,0,3,1
BRDA:67,0,4,0
BRDA:67,0,5,0
BRDA:92,1,0,1
BRDA:92,1,1,0
BRDA:92,1,2,0
BRDA:92,1,3,0
BRDA:92,1,4,0
BRDA:92,1,5,0
BRF:12
BRH:5
end_of_record
